<?xml version="1.0" encoding="UTF-8"?>
<!-- Generated by org.testng.reporters.JUnitReportReporter -->
<testsuite hostname="DESKTOP-LD8MLVL" failures="0" tests="1" name="Shwapno" time="31.915" errors="0" timestamp="2023-06-07T10:26:36 BDT" skipped="0">
  <testcase classname="Shwapno" name="chooseLocation" time="31.915"/>
  <system-out/>
</testsuite> <!-- Shwapno -->
